  compilation object save succeeded; see C:\Users\CCame\OneDrive - Office 365\CO2409 Computer Graphics\Assignment\GraphicsOne\LightModel_ps.cso
  compilation object save succeeded; see C:\Users\CCame\OneDrive - Office 365\CO2409 Computer Graphics\Assignment\GraphicsOne\LightModel_vs.cso
  compilation object save succeeded; see C:\Users\CCame\OneDrive - Office 365\CO2409 Computer Graphics\Assignment\GraphicsOne\PixelLighting_ps.cso
  compilation object save succeeded; see C:\Users\CCame\OneDrive - Office 365\CO2409 Computer Graphics\Assignment\GraphicsOne\PixelLighting_vs.cso
  Camera.cpp
  Direct3DSetup.cpp
  Main.cpp
  CMatrix4x4.cpp
  CVector2.cpp
  CVector3.cpp
  Model.cpp
  Scene.cpp
C:\Users\CCame\OneDrive - Office 365\CO2409 Computer Graphics\Assignment\GraphicsOne\Scene.cpp(330,41): warning C4305: 'argument': truncation from 'double' to 'const float'
C:\Users\CCame\OneDrive - Office 365\CO2409 Computer Graphics\Assignment\GraphicsOne\Scene.cpp(612,32): warning C4305: '+=': truncation from 'double' to 'float'
C:\Users\CCame\OneDrive - Office 365\CO2409 Computer Graphics\Assignment\GraphicsOne\Scene.cpp(620,33): warning C4305: '+=': truncation from 'double' to 'float'
C:\Users\CCame\OneDrive - Office 365\CO2409 Computer Graphics\Assignment\GraphicsOne\Scene.cpp(629,25): warning C4305: 'initializing': truncation from 'double' to 'float'
C:\Users\CCame\OneDrive - Office 365\CO2409 Computer Graphics\Assignment\GraphicsOne\Scene.cpp(630,25): warning C4305: 'initializing': truncation from 'double' to 'float'
C:\Users\CCame\OneDrive - Office 365\CO2409 Computer Graphics\Assignment\GraphicsOne\Scene.cpp(631,25): warning C4305: 'initializing': truncation from 'double' to 'float'
C:\Users\CCame\OneDrive - Office 365\CO2409 Computer Graphics\Assignment\GraphicsOne\Scene.cpp(638,15): warning C4244: '=': conversion from 'double' to 'float', possible loss of data
C:\Users\CCame\OneDrive - Office 365\CO2409 Computer Graphics\Assignment\GraphicsOne\Scene.cpp(641,19): warning C4244: '=': conversion from 'double' to 'float', possible loss of data
C:\Users\CCame\OneDrive - Office 365\CO2409 Computer Graphics\Assignment\GraphicsOne\Scene.cpp(650,15): warning C4244: '=': conversion from 'double' to 'float', possible loss of data
C:\Users\CCame\OneDrive - Office 365\CO2409 Computer Graphics\Assignment\GraphicsOne\Scene.cpp(653,19): warning C4244: '=': conversion from 'double' to 'float', possible loss of data
C:\Users\CCame\OneDrive - Office 365\CO2409 Computer Graphics\Assignment\GraphicsOne\Scene.cpp(662,15): warning C4244: '=': conversion from 'double' to 'float', possible loss of data
C:\Users\CCame\OneDrive - Office 365\CO2409 Computer Graphics\Assignment\GraphicsOne\Scene.cpp(665,19): warning C4244: '=': conversion from 'double' to 'float', possible loss of data
  Shader.cpp
  Mesh.cpp
  State.cpp
  Input.cpp
  GraphicsHelpers.cpp
  Timer.cpp
  Generating Code...
  RenderTexture.vcxproj -> C:\Users\CCame\OneDrive - Office 365\CO2409 Computer Graphics\Assignment\GraphicsOne\RenderTexture.exe
