  Scene.cpp
C:\Users\CCame\Documents\GraphicsOne\Scene.cpp(577,33): warning C4305: 'argument': truncation from 'double' to 'float'
C:\Users\CCame\Documents\GraphicsOne\Scene.cpp(594,34): warning C4305: 'argument': truncation from 'double' to 'float'
C:\Users\CCame\Documents\GraphicsOne\Scene.cpp(602,31): warning C4305: 'argument': truncation from 'double' to 'float'
C:\Users\CCame\Documents\GraphicsOne\Scene.cpp(609,33): warning C4305: 'argument': truncation from 'double' to 'float'
C:\Users\CCame\Documents\GraphicsOne\Scene.cpp(621,23): warning C4305: 'argument': truncation from 'double' to 'float'
C:\Users\CCame\Documents\GraphicsOne\Scene.cpp(641,26): warning C4305: 'argument': truncation from 'double' to 'float'
C:\Users\CCame\Documents\GraphicsOne\Scene.cpp(644,25): warning C4305: 'argument': truncation from 'double' to 'float'
C:\Users\CCame\Documents\GraphicsOne\Scene.cpp(653,25): warning C4305: 'argument': truncation from 'double' to 'float'
C:\Users\CCame\Documents\GraphicsOne\Scene.cpp(656,27): warning C4305: 'argument': truncation from 'double' to 'float'
C:\Users\CCame\Documents\GraphicsOne\Scene.cpp(658,26): warning C4305: 'argument': truncation from 'double' to 'float'
C:\Users\CCame\Documents\GraphicsOne\Scene.cpp(666,27): warning C4305: 'argument': truncation from 'double' to 'float'
C:\Users\CCame\Documents\GraphicsOne\Scene.cpp(670,25): warning C4305: 'argument': truncation from 'double' to 'float'
C:\Users\CCame\Documents\GraphicsOne\Scene.cpp(672,26): warning C4305: 'argument': truncation from 'double' to 'float'
C:\Users\CCame\Documents\GraphicsOne\Scene.cpp(676,23): warning C4305: 'argument': truncation from 'double' to 'float'
C:\Users\CCame\Documents\GraphicsOne\Scene.cpp(680,24): warning C4305: 'argument': truncation from 'double' to 'float'
C:\Users\CCame\Documents\GraphicsOne\Scene.cpp(687,27): warning C4305: 'argument': truncation from 'double' to 'float'
C:\Users\CCame\Documents\GraphicsOne\Scene.cpp(692,31): warning C4305: 'argument': truncation from 'double' to 'float'
C:\Users\CCame\Documents\GraphicsOne\Scene.cpp(696,27): warning C4305: 'argument': truncation from 'double' to 'float'
C:\Users\CCame\Documents\GraphicsOne\Scene.cpp(1347,54): warning C4305: '+=': truncation from 'double' to 'float'
C:\Users\CCame\Documents\GraphicsOne\Scene.cpp(1355,55): warning C4305: '+=': truncation from 'double' to 'float'
C:\Users\CCame\Documents\GraphicsOne\Scene.cpp(1364,25): warning C4305: 'initializing': truncation from 'double' to 'float'
C:\Users\CCame\Documents\GraphicsOne\Scene.cpp(1365,25): warning C4305: 'initializing': truncation from 'double' to 'float'
C:\Users\CCame\Documents\GraphicsOne\Scene.cpp(1366,25): warning C4305: 'initializing': truncation from 'double' to 'float'
C:\Users\CCame\Documents\GraphicsOne\Scene.cpp(1373,15): warning C4244: '=': conversion from 'double' to 'float', possible loss of data
C:\Users\CCame\Documents\GraphicsOne\Scene.cpp(1376,19): warning C4244: '=': conversion from 'double' to 'float', possible loss of data
C:\Users\CCame\Documents\GraphicsOne\Scene.cpp(1385,15): warning C4244: '=': conversion from 'double' to 'float', possible loss of data
C:\Users\CCame\Documents\GraphicsOne\Scene.cpp(1388,19): warning C4244: '=': conversion from 'double' to 'float', possible loss of data
C:\Users\CCame\Documents\GraphicsOne\Scene.cpp(1397,15): warning C4244: '=': conversion from 'double' to 'float', possible loss of data
C:\Users\CCame\Documents\GraphicsOne\Scene.cpp(1400,19): warning C4244: '=': conversion from 'double' to 'float', possible loss of data
  ShadowMapping.vcxproj -> C:\Users\CCame\Documents\GraphicsOne\ShadowMapping.exe
